Using pre-set license
Built from '2020.3/staging' branch; Version is '2020.3.10f1 (297d780c91bc) revision 2719096'; Using compiler version '192528614'; Build Type 'Release'
OS: 'Windows 10 Pro; OS build 19041.1052; Version 2004; 64bit' Language: 'de' Physical Memory: 32682 MB
BatchMode: 1, IsHumanControllingUs: 0, StartBugReporterOnCrash: 0, Is64bit: 1, IsPro: 0

 COMMAND LINE ARGUMENTS:
D:\Unity Installations\2020.3.10f1\Editor\Unity.exe
-adb2
-batchMode
-noUpm
-name
AssetImportWorker0
-projectPath
E:/YouTube/Unity/GOFollowMouse
-logFile
Logs/AssetImportWorker0.log
-srvPort
65323
Successfully changed project path to: E:/YouTube/Unity/GOFollowMouse
E:/YouTube/Unity/GOFollowMouse
Using Asset Import Pipeline V2.
Refreshing native plugins compatible for Editor in 33.40 ms, found 3 plugins.
Preloading 0 native plugins for Editor in 0.00 ms.
Initialize engine version: 2020.3.10f1 (297d780c91bc)
[Subsystems] Discovering subsystems at path D:/Unity Installations/2020.3.10f1/Editor/Data/Resources/UnitySubsystems
[Subsystems] Discovering subsystems at path E:/YouTube/Unity/GOFollowMouse/Assets
GfxDevice: creating device client; threaded=0
Direct3D:
    Version:  Direct3D 11.0 [level 11.1]
    Renderer: NVIDIA GeForce RTX 2080 (ID=0x1e87)
    Vendor:   
    VRAM:     8010 MB
    Driver:   27.21.14.5671
Initialize mono
Mono path[0] = 'D:/Unity Installations/2020.3.10f1/Editor/Data/Managed'
Mono path[1] = 'D:/Unity Installations/2020.3.10f1/Editor/Data/MonoBleedingEdge/lib/mono/unityjit'
Mono config path = 'D:/Unity Installations/2020.3.10f1/Editor/Data/MonoBleedingEdge/etc'
Using monoOptions --debugger-agent=transport=dt_socket,embedding=1,server=y,suspend=n,address=127.0.0.1:56512
Begin MonoManager ReloadAssembly
Registering precompiled unity dll's ...
Register platform support module: D:/Unity Installations/2020.3.10f1/Editor/Data/PlaybackEngines/WindowsStandaloneSupport/UnityEditor.WindowsStandalone.Extensions.dll
Registered in 0.000895 seconds.
Native extension for WindowsStandalone target not found
Refreshing native plugins compatible for Editor in 35.40 ms, found 3 plugins.
Preloading 0 native plugins for Editor in 0.00 ms.
Mono: successfully reloaded assembly
- Completed reload, in  0.807 seconds
Platform modules already initialized, skipping
Registering precompiled user dll's ...
Registered in 0.002060 seconds.
Begin MonoManager ReloadAssembly
Native extension for WindowsStandalone target not found
Refreshing native plugins compatible for Editor in 34.61 ms, found 3 plugins.
Preloading 0 native plugins for Editor in 0.00 ms.
Mono: successfully reloaded assembly
- Completed reload, in  0.944 seconds
Platform modules already initialized, skipping
========================================================================
Worker process is ready to serve import requests
Launched and connected shader compiler UnityShaderCompiler.exe after 0.05 seconds
Refreshing native plugins compatible for Editor in 0.59 ms, found 3 plugins.
Preloading 0 native plugins for Editor in 0.00 ms.
Unloading 2080 Unused Serialized files (Serialized files now loaded: 0)
System memory in use before: 92.8 MB.
System memory in use after: 92.8 MB.

Unloading 33 unused Assets to reduce memory usage. Loaded Objects now: 2513.
Total: 2.177600 ms (FindLiveObjects: 0.217100 ms CreateObjectMapping: 0.047000 ms MarkObjects: 1.778200 ms  DeleteObjects: 0.133700 ms)

========================================================================
Received Import Request.
  path: Assets/LICENSE.txt
  artifactKey: Guid(184591578f5d48047bef130672cc2c3b) Importer(815301076,1909f56bfc062723c751e8b465ee728b)
Start importing Assets/LICENSE.txt using Guid(184591578f5d48047bef130672cc2c3b) Importer(815301076,1909f56bfc062723c751e8b465ee728b)  -> (artifact id: '97147fcf59ce35d6e009073d0380f14e') in 0.047853 seconds
  Import took 0.057276 seconds .

========================================================================
Received Import Request.
  Time since last request: 0.003900 seconds.
  path: Assets/CREDITS.txt
  artifactKey: Guid(b244c15e4b0d1b74e8c93ff519580fb4) Importer(815301076,1909f56bfc062723c751e8b465ee728b)
Start importing Assets/CREDITS.txt using Guid(b244c15e4b0d1b74e8c93ff519580fb4) Importer(815301076,1909f56bfc062723c751e8b465ee728b)  -> (artifact id: 'fe24cb2a544a3af944f89463010063ba') in 0.019940 seconds
  Import took 0.023037 seconds .

AssetImportWorkerClient::OnTransportError - code=2 error=End of file
